<?xml version="1.0" encoding="UTF-8"?>
<testng-results ignored="0" total="1" passed="1" failed="0" skipped="0">
  <reporter-output>
  </reporter-output>
  <suite started-at="2023-02-15T19:38:50 PST" name="Default suite" finished-at="2023-02-15T19:38:53 PST" duration-ms="3204">
    <groups>
    </groups>
    <test started-at="2023-02-15T19:38:50 PST" name="Default test" finished-at="2023-02-15T19:38:53 PST" duration-ms="3204">
      <class name="tests.ValidateMonthDropdownTest">
        <test-method is-config="true" signature="init()[pri:0, instance:tests.ValidateMonthDropdownTest@52e6fdee]" started-at="2023-02-15T19:38:50 PST" name="init" finished-at="2023-02-15T19:38:53 PST" duration-ms="2680" status="PASS">
          <reporter-output>
          </reporter-output>
        </test-method> <!-- init -->
        <test-method signature="validateMonthDropdownTest()[pri:0, instance:tests.ValidateMonthDropdownTest@52e6fdee]" started-at="2023-02-15T19:38:53 PST" name="validateMonthDropdownTest" finished-at="2023-02-15T19:38:53 PST" duration-ms="282" status="PASS">
          <reporter-output>
          </reporter-output>
        </test-method> <!-- validateMonthDropdownTest -->
        <test-method is-config="true" signature="tearDown()[pri:0, instance:tests.ValidateMonthDropdownTest@52e6fdee]" started-at="2023-02-15T19:38:53 PST" name="tearDown" finished-at="2023-02-15T19:38:53 PST" duration-ms="216" status="PASS">
          <reporter-output>
          </reporter-output>
        </test-method> <!-- tearDown -->
      </class> <!-- tests.ValidateMonthDropdownTest -->
    </test> <!-- Default test -->
  </suite> <!-- Default suite -->
</testng-results>
